<?xml version="1.0" encoding="UTF-8"?>
<!-- Generated by org.testng.reporters.JUnitReportReporter -->
<testsuite skipped="0" hostname="LAPTOP-2SUCPHE7" name="IframeSample.IframeSample.IframeCheck" tests="1" failures="0" timestamp="04 Jun 2020 05:01:32 GMT" time="9.553" errors="0">
  <testcase name="OpenApp" time="9.553" classname="IframeSample.IframeSample.IframeCheck"/>
</testsuite> <!-- IframeSample.IframeSample.IframeCheck -->
